Release 14.7 - xst P.20131013 (nt64)
Copyright (c) 1995-2013 Xilinx, Inc.  All rights reserved.
--> Parameter TMPDIR set to xst/projnav.tmp


Total REAL time to Xst completion: 0.00 secs
Total CPU time to Xst completion: 0.12 secs
 
--> Parameter xsthdpdir set to xst


Total REAL time to Xst completion: 0.00 secs
Total CPU time to Xst completion: 0.12 secs
 
--> Reading design: incubator.prj

TABLE OF CONTENTS
  1) Synthesis Options Summary
  2) HDL Parsing
  3) HDL Elaboration
  4) HDL Synthesis
       4.1) HDL Synthesis Report
  5) Advanced HDL Synthesis
       5.1) Advanced HDL Synthesis Report
  6) Low Level Synthesis
  7) Partition Report
  8) Design Summary
       8.1) Primitive and Black Box Usage
       8.2) Device utilization summary
       8.3) Partition Resource Summary
       8.4) Timing Report
            8.4.1) Clock Information
            8.4.2) Asynchronous Control Signals Information
            8.4.3) Timing Summary
            8.4.4) Timing Details
            8.4.5) Cross Clock Domains Report


=========================================================================
*                      Synthesis Options Summary                        *
=========================================================================
---- Source Parameters
Input File Name                    : "incubator.prj"
Ignore Synthesis Constraint File   : NO

---- Target Parameters
Output File Name                   : "incubator"
Output Format                      : NGC
Target Device                      : xc7a100t-3-csg324

---- Source Options
Top Module Name                    : incubator
Automatic FSM Extraction           : YES
FSM Encoding Algorithm             : Auto
Safe Implementation                : No
FSM Style                          : LUT
RAM Extraction                     : Yes
RAM Style                          : Auto
ROM Extraction                     : Yes
Shift Register Extraction          : YES
ROM Style                          : Auto
Resource Sharing                   : YES
Asynchronous To Synchronous        : NO
Shift Register Minimum Size        : 2
Use DSP Block                      : Auto
Automatic Register Balancing       : No

---- Target Options
LUT Combining                      : Auto
Reduce Control Sets                : Auto
Add IO Buffers                     : YES
Global Maximum Fanout              : 100000
Add Generic Clock Buffer(BUFG)     : 32
Register Duplication               : YES
Optimize Instantiated Primitives   : NO
Use Clock Enable                   : Auto
Use Synchronous Set                : Auto
Use Synchronous Reset              : Auto
Pack IO Registers into IOBs        : Auto
Equivalent register Removal        : YES

---- General Options
Optimization Goal                  : Speed
Optimization Effort                : 1
Power Reduction                    : NO
Keep Hierarchy                     : No
Netlist Hierarchy                  : As_Optimized
RTL Output                         : Yes
Global Optimization                : AllClockNets
Read Cores                         : YES
Write Timing Constraints           : NO
Cross Clock Analysis               : NO
Hierarchy Separator                : /
Bus Delimiter                      : <>
Case Specifier                     : Maintain
Slice Utilization Ratio            : 100
BRAM Utilization Ratio             : 100
DSP48 Utilization Ratio            : 100
Auto BRAM Packing                  : NO
Slice Utilization Ratio Delta      : 5

=========================================================================


=========================================================================
*                          HDL Parsing                                  *
=========================================================================
Analyzing Verilog file "C:\Users\sa\Desktop\New folder\dsde6-98170668\dsde6\incubator.v" into library work
Parsing module <incubator>.

=========================================================================
*                            HDL Elaboration                            *
=========================================================================

Elaborating module <incubator>.

=========================================================================
*                           HDL Synthesis                               *
=========================================================================

Synthesizing Unit <incubator>.
    Related source file is "C:\Users\sa\Desktop\New folder\dsde6-98170668\dsde6\incubator.v".
        q1 = 1
        q2 = 2
        q3 = 3
        s0 = 0
        s1 = 1
        s2 = 2
        s3 = 3
    Found 2-bit register for signal <sstate>.
    Found 2-bit register for signal <state>.
    Found finite state machine <FSM_1> for signal <state>.
    -----------------------------------------------------------------------
    | States             | 3                                              |
    | Transitions        | 7                                              |
    | Inputs             | 4                                              |
    | Outputs            | 3                                              |
    | Clock              | clk (rising_edge)                              |
    | Reset              | rst (positive)                                 |
    | Reset type         | synchronous                                    |
    | Reset State        | 01                                             |
    | Encoding           | auto                                           |
    | Implementation     | LUT                                            |
    -----------------------------------------------------------------------
    Found finite state machine <FSM_0> for signal <sstate>.
    -----------------------------------------------------------------------
    | States             | 4                                              |
    | Transitions        | 10                                             |
    | Inputs             | 6                                              |
    | Outputs            | 3                                              |
    | Clock              | clk (rising_edge)                              |
    | Reset              | rst (positive)                                 |
    | Reset type         | synchronous                                    |
    | Reset State        | 00                                             |
    | Encoding           | auto                                           |
    | Implementation     | LUT                                            |
    -----------------------------------------------------------------------
WARNING:Xst:737 - Found 1-bit latch for signal <heater>. Latches may be generated from incomplete case or if statements. We do not recommend the use of latches in FPGA/CPLD designs, as they may lead to timing problems.
WARNING:Xst:737 - Found 1-bit latch for signal <cooler>. Latches may be generated from incomplete case or if statements. We do not recommend the use of latches in FPGA/CPLD designs, as they may lead to timing problems.
    Found 32-bit comparator greater for signal <GND_1_o_t[7]_LessThan_7_o> created at line 45
    Found 32-bit comparator greater for signal <t[7]_GND_1_o_LessThan_12_o> created at line 55
    Found 32-bit comparator greater for signal <t[7]_GND_1_o_LessThan_15_o> created at line 63
    Found 32-bit comparator greater for signal <t[7]_GND_1_o_LessThan_17_o> created at line 68
    Found 32-bit comparator greater for signal <GND_1_o_t[7]_LessThan_18_o> created at line 71
    Found 32-bit comparator greater for signal <t[7]_GND_1_o_LessThan_21_o> created at line 76
    Found 32-bit comparator greater for signal <GND_1_o_t[7]_LessThan_22_o> created at line 79
    Found 32-bit comparator greater for signal <GND_1_o_t[7]_LessThan_25_o> created at line 84
    Summary:
	inferred   2 Latch(s).
	inferred   8 Comparator(s).
	inferred   2 Finite State Machine(s).
Unit <incubator> synthesized.

=========================================================================
HDL Synthesis Report

Macro Statistics
# Latches                                              : 2
 1-bit latch                                           : 2
# Comparators                                          : 8
 32-bit comparator greater                             : 8
# FSMs                                                 : 2

=========================================================================

=========================================================================
*                       Advanced HDL Synthesis                          *
=========================================================================


=========================================================================
Advanced HDL Synthesis Report

Macro Statistics
# Comparators                                          : 8
 32-bit comparator greater                             : 8
# FSMs                                                 : 2

=========================================================================

=========================================================================
*                         Low Level Synthesis                           *
=========================================================================
Analyzing FSM <MFsm> for best encoding.
Optimizing FSM <FSM_1> on signal <state[1:2]> with sequential encoding.
-------------------
 State | Encoding
-------------------
 01    | 00
 11    | 01
 10    | 10
-------------------
Analyzing FSM <MFsm> for best encoding.
Optimizing FSM <FSM_0> on signal <sstate[1:2]> with gray encoding.
-------------------
 State | Encoding
-------------------
 00    | 00
 01    | 01
 10    | 11
 11    | 10
-------------------
WARNING:Xst:1294 - Latch <cooler> is equivalent to a wire in block <incubator>.
WARNING:Xst:1294 - Latch <heater> is equivalent to a wire in block <incubator>.

Optimizing unit <incubator> ...

Mapping all equations...
Building and optimizing final netlist ...
Found area constraint ratio of 100 (+ 5) on block incubator, actual ratio is 0.

Final Macro Processing ...

=========================================================================
Final Register Report

Macro Statistics
# Registers                                            : 4
 Flip-Flops                                            : 4

=========================================================================

=========================================================================
*                           Partition Report                            *
=========================================================================

Partition Implementation Status
-------------------------------

  No Partitions were found in this design.

-------------------------------

=========================================================================
*                            Design Summary                             *
=========================================================================

Top Level Output File Name         : incubator.ngc

Primitive and Black Box Usage:
------------------------------
# BELS                             : 16
#      GND                         : 1
#      LUT2                        : 3
#      LUT4                        : 1
#      LUT5                        : 1
#      LUT6                        : 10
# FlipFlops/Latches                : 4
#      FDR                         : 4
# Clock Buffers                    : 1
#      BUFGP                       : 1
# IO Buffers                       : 15
#      IBUF                        : 9
#      OBUF                        : 6

Device utilization summary:
---------------------------

Selected Device : 7a100tcsg324-3 


Slice Logic Utilization: 
 Number of Slice Registers:               4  out of  126800     0%  
 Number of Slice LUTs:                   15  out of  63400     0%  
    Number used as Logic:                15  out of  63400     0%  

Slice Logic Distribution: 
 Number of LUT Flip Flop pairs used:     15
   Number with an unused Flip Flop:      11  out of     15    73%  
   Number with an unused LUT:             0  out of     15     0%  
   Number of fully used LUT-FF pairs:     4  out of     15    26%  
   Number of unique control sets:         1

IO Utilization: 
 Number of IOs:                          16
 Number of bonded IOBs:                  16  out of    210     7%  

Specific Feature Utilization:
 Number of BUFG/BUFGCTRLs:                1  out of     32     3%  

---------------------------
Partition Resource Summary:
---------------------------

  No Partitions were found in this design.

---------------------------


=========================================================================
Timing Report

NOTE: THESE TIMING NUMBERS ARE ONLY A SYNTHESIS ESTIMATE.
      FOR ACCURATE TIMING INFORMATION PLEASE REFER TO THE TRACE REPORT
      GENERATED AFTER PLACE-and-ROUTE.

Clock Information:
------------------
-----------------------------------+------------------------+-------+
Clock Signal                       | Clock buffer(FF name)  | Load  |
-----------------------------------+------------------------+-------+
clk                                | BUFGP                  | 4     |
-----------------------------------+------------------------+-------+

Asynchronous Control Signals Information:
----------------------------------------
No asynchronous control signals found in this design

Timing Summary:
---------------
Speed Grade: -3

   Minimum period: 1.398ns (Maximum Frequency: 715.512MHz)
   Minimum input arrival time before clock: 1.618ns
   Maximum output required time after clock: 1.145ns
   Maximum combinational path delay: No path found

Timing Details:
---------------
All values displayed in nanoseconds (ns)

=========================================================================
Timing constraint: Default period analysis for Clock 'clk'
  Clock period: 1.398ns (frequency: 715.512MHz)
  Total number of paths / destination ports: 10 / 4
-------------------------------------------------------------------------
Delay:               1.398ns (Levels of Logic = 2)
  Source:            sstate_FSM_FFd2 (FF)
  Destination:       sstate_FSM_FFd2 (FF)
  Source Clock:      clk rising
  Destination Clock: clk rising

  Data Path: sstate_FSM_FFd2 to sstate_FSM_FFd2
                                Gate     Net
    Cell:in->out      fanout   Delay   Delay  Logical Name (Net Name)
    ----------------------------------------  ------------
     FDR:C->Q              7   0.361   0.323  sstate_FSM_FFd2 (sstate_FSM_FFd2)
     LUT6:I5->O            1   0.097   0.511  sstate_FSM_FFd2-In3 (sstate_FSM_FFd2-In3)
     LUT6:I3->O            1   0.097   0.000  sstate_FSM_FFd2-In4 (sstate_FSM_FFd2-In)
     FDR:D                     0.008          sstate_FSM_FFd2
    ----------------------------------------
    Total                      1.398ns (0.563ns logic, 0.835ns route)
                                       (40.3% logic, 59.7% route)

=========================================================================
Timing constraint: Default OFFSET IN BEFORE for Clock 'clk'
  Total number of paths / destination ports: 56 / 8
-------------------------------------------------------------------------
Offset:              1.618ns (Levels of Logic = 3)
  Source:            t<5> (PAD)
  Destination:       sstate_FSM_FFd1 (FF)
  Destination Clock: clk rising

  Data Path: t<5> to sstate_FSM_FFd1
                                Gate     Net
    Cell:in->out      fanout   Delay   Delay  Logical Name (Net Name)
    ----------------------------------------  ------------
     IBUF:I->O             7   0.001   0.721  t_5_IBUF (t_5_IBUF)
     LUT6:I0->O            1   0.097   0.693  sstate_FSM_FFd1-In_SW0_SW1 (N3)
     LUT6:I0->O            1   0.097   0.000  sstate_FSM_FFd1-In (sstate_FSM_FFd1-In)
     FDR:D                     0.008          sstate_FSM_FFd1
    ----------------------------------------
    Total                      1.618ns (0.203ns logic, 1.415ns route)
                                       (12.5% logic, 87.5% route)

=========================================================================
Timing constraint: Default OFFSET OUT AFTER for Clock 'clk'
  Total number of paths / destination ports: 7 / 5
-------------------------------------------------------------------------
Offset:              1.145ns (Levels of Logic = 2)
  Source:            sstate_FSM_FFd2 (FF)
  Destination:       rps<3> (PAD)
  Source Clock:      clk rising

  Data Path: sstate_FSM_FFd2 to rps<3>
                                Gate     Net
    Cell:in->out      fanout   Delay   Delay  Logical Name (Net Name)
    ----------------------------------------  ------------
     FDR:C->Q              7   0.361   0.407  sstate_FSM_FFd2 (sstate_FSM_FFd2)
     LUT2:I0->O            1   0.097   0.279  sstate_rps<1>1 (rps_1_OBUF)
     OBUF:I->O                 0.000          rps_1_OBUF (rps<1>)
    ----------------------------------------
    Total                      1.145ns (0.458ns logic, 0.687ns route)
                                       (40.0% logic, 60.0% route)

=========================================================================

Cross Clock Domains Report:
--------------------------

Clock to Setup on destination clock clk
---------------+---------+---------+---------+---------+
               | Src:Rise| Src:Fall| Src:Rise| Src:Fall|
Source Clock   |Dest:Rise|Dest:Rise|Dest:Fall|Dest:Fall|
---------------+---------+---------+---------+---------+
clk            |    1.398|         |         |         |
---------------+---------+---------+---------+---------+

=========================================================================


Total REAL time to Xst completion: 11.00 secs
Total CPU time to Xst completion: 10.76 secs
 
--> 

Total memory usage is 4617532 kilobytes

Number of errors   :    0 (   0 filtered)
Number of warnings :    4 (   0 filtered)
Number of infos    :    0 (   0 filtered)

